0 info it worked if it ends with ok
1 verbose cli [ 'C:\\Program Files\\nodejs\\node.exe',
1 verbose cli   'C:\\Program Files\\nodejs\\node_modules\\npm\\bin\\npm-cli.js',
1 verbose cli   'run',
1 verbose cli   'serve' ]
2 info using npm@3.10.10
3 info using node@v6.11.1
4 verbose run-script [ 'preserve', 'serve', 'postserve' ]
5 info lifecycle angular-boilerplate@1.0.0~preserve: angular-boilerplate@1.0.0
6 silly lifecycle angular-boilerplate@1.0.0~preserve: no script for preserve, continuing
7 info lifecycle angular-boilerplate@1.0.0~serve: angular-boilerplate@1.0.0
8 verbose lifecycle angular-boilerplate@1.0.0~serve: unsafe-perm in lifecycle true
9 verbose lifecycle angular-boilerplate@1.0.0~serve: PATH: C:\Program Files\nodejs\node_modules\npm\bin\node-gyp-bin;C:\Users\renan.santanna\Documents\GitMatheus\craftbeerweb\node_modules\.bin;C:\ProgramData\Oracle\Java\javapath;C:\Program Files (x86)\Borland\Delphi7\Bin;C:\Program Files (x86)\Borland\Delphi7\Projects\Bpl\;C:\Program Files (x86)\Common Files\Intel\Shared Files\cpp\bin\Intel64;C:\oraclexe\app\oracle\product\10.2.0\server\bin;C:\Delphi\Embarcadero\RAD Studio\7.0\bin;C:\Users\Public\Documents\RAD Studio\7.0\Bpl;C:\Windows\system32;C:\Windows;C:\Windows\System32\Wbem;C:\Windows\System32\WindowsPowerShell\v1.0\;C:\Program Files\TortoiseSVN\bin;C:\Program Files (x86)\Java\jdk1.6.0_30\bin;C:\maven\apache-maven-3.3.3\bin;C:\Program Files (x86)\Skype\Phone\;C:\Program Files (x86)\sK1 Project\UniConvertor-1.1.5\;C:\Program Files (x86)\sK1 Project\UniConvertor-1.1.5\DLLs;C:\Program Files\nodejs\;C:\Ruby21-x64\bin;C:\Users\renan.santanna\AppData\Local\atom\bin;C:\Users\renan.santanna\AppData\Roaming\npm
10 verbose lifecycle angular-boilerplate@1.0.0~serve: CWD: C:\Users\renan.santanna\Documents\GitMatheus\craftbeerweb
11 silly lifecycle angular-boilerplate@1.0.0~serve: Args: [ '/d /s /c',
11 silly lifecycle   'live-server --open=src --entry-file=src/index.html  --quiet | gulp --env=dev' ]
12 silly lifecycle angular-boilerplate@1.0.0~serve: Returned: code: 255  signal: null
13 info lifecycle angular-boilerplate@1.0.0~serve: Failed to exec serve script
14 verbose stack Error: angular-boilerplate@1.0.0 serve: `live-server --open=src --entry-file=src/index.html  --quiet | gulp --env=dev`
14 verbose stack Exit status 255
14 verbose stack     at EventEmitter.<anonymous> (C:\Program Files\nodejs\node_modules\npm\lib\utils\lifecycle.js:255:16)
14 verbose stack     at emitTwo (events.js:106:13)
14 verbose stack     at EventEmitter.emit (events.js:191:7)
14 verbose stack     at ChildProcess.<anonymous> (C:\Program Files\nodejs\node_modules\npm\lib\utils\spawn.js:40:14)
14 verbose stack     at emitTwo (events.js:106:13)
14 verbose stack     at ChildProcess.emit (events.js:191:7)
14 verbose stack     at maybeClose (internal/child_process.js:891:16)
14 verbose stack     at Process.ChildProcess._handle.onexit (internal/child_process.js:226:5)
15 verbose pkgid angular-boilerplate@1.0.0
16 verbose cwd C:\Users\renan.santanna\Documents\GitMatheus\craftbeerweb
17 error Windows_NT 6.3.9600
18 error argv "C:\\Program Files\\nodejs\\node.exe" "C:\\Program Files\\nodejs\\node_modules\\npm\\bin\\npm-cli.js" "run" "serve"
19 error node v6.11.1
20 error npm  v3.10.10
21 error code ELIFECYCLE
22 error angular-boilerplate@1.0.0 serve: `live-server --open=src --entry-file=src/index.html  --quiet | gulp --env=dev`
22 error Exit status 255
23 error Failed at the angular-boilerplate@1.0.0 serve script 'live-server --open=src --entry-file=src/index.html  --quiet | gulp --env=dev'.
23 error Make sure you have the latest version of node.js and npm installed.
23 error If you do, this is most likely a problem with the angular-boilerplate package,
23 error not with npm itself.
23 error Tell the author that this fails on your system:
23 error     live-server --open=src --entry-file=src/index.html  --quiet | gulp --env=dev
23 error You can get information on how to open an issue for this project with:
23 error     npm bugs angular-boilerplate
23 error Or if that isn't available, you can get their info via:
23 error     npm owner ls angular-boilerplate
23 error There is likely additional logging output above.
24 verbose exit [ 1, true ]
